0 info it worked if it ends with ok
1 verbose cli [ 'C:\\Program Files\\nodejs\\\\node.exe',
1 verbose cli   'C:\\Program Files\\nodejs\\node_modules\\npm\\bin\\npm-cli.js',
1 verbose cli   'view',
1 verbose cli   'sailsjs' ]
2 info using npm@1.4.28
3 info using node@v0.10.32
4 verbose node symlink C:\Program Files\nodejs\\node.exe
5 verbose request where is /sailsjs
6 verbose request registry https://registry.npmjs.org/
7 verbose request id 1cb44c209db2460e
8 verbose url raw /sailsjs
9 verbose url resolving [ 'https://registry.npmjs.org/', './sailsjs' ]
10 verbose url resolved https://registry.npmjs.org/sailsjs
11 verbose request where is https://registry.npmjs.org/sailsjs
12 info trying registry request attempt 1 at 22:10:23
13 http GET https://registry.npmjs.org/sailsjs
14 http 404 https://registry.npmjs.org/sailsjs
15 verbose headers { server: 'CouchDB/1.5.0 (Erlang OTP/R16B03)',
15 verbose headers   'content-type': 'application/json',
15 verbose headers   'cache-control': 'max-age=0',
15 verbose headers   'content-length': '51',
15 verbose headers   'accept-ranges': 'bytes',
15 verbose headers   date: 'Wed, 29 Apr 2015 02:13:35 GMT',
15 verbose headers   via: '1.1 varnish',
15 verbose headers   age: '0',
15 verbose headers   connection: 'keep-alive',
15 verbose headers   'x-served-by': 'cache-atl6221-ATL',
15 verbose headers   'x-cache': 'MISS',
15 verbose headers   'x-cache-hits': '0',
15 verbose headers   'x-timer': 'S1430273615.605804,VS0,VE81' }
16 silly registry.get cb [ 404,
16 silly registry.get   { server: 'CouchDB/1.5.0 (Erlang OTP/R16B03)',
16 silly registry.get     'content-type': 'application/json',
16 silly registry.get     'cache-control': 'max-age=0',
16 silly registry.get     'content-length': '51',
16 silly registry.get     'accept-ranges': 'bytes',
16 silly registry.get     date: 'Wed, 29 Apr 2015 02:13:35 GMT',
16 silly registry.get     via: '1.1 varnish',
16 silly registry.get     age: '0',
16 silly registry.get     connection: 'keep-alive',
16 silly registry.get     'x-served-by': 'cache-atl6221-ATL',
16 silly registry.get     'x-cache': 'MISS',
16 silly registry.get     'x-cache-hits': '0',
16 silly registry.get     'x-timer': 'S1430273615.605804,VS0,VE81' } ]
17 error 404 404 Not Found: sailsjs
17 error 404
17 error 404 'sailsjs' is not in the npm registry.
17 error 404 You should bug the author to publish it
17 error 404
17 error 404 Note that you can also install from a
17 error 404 tarball, folder, or http url, or git url.
18 error System Windows_NT 6.1.7601
19 error command "C:\\Program Files\\nodejs\\\\node.exe" "C:\\Program Files\\nodejs\\node_modules\\npm\\bin\\npm-cli.js" "view" "sailsjs"
20 error cwd C:\Users\Han\Documents\GitHub\wholeren
21 error node -v v0.10.32
22 error npm -v 1.4.28
23 error code E404
24 verbose exit [ 1, true ]
